[D 170907 15:34:58 testlog:18] hello
[I 170907 15:34:58 testlog:19] info
[W 170907 15:34:58 testlog:20] warn
[E 170907 15:34:58 testlog:21] error
[I 170907 15:34:58 testlog:25] This log message goes to the console and the logfile
[I 170907 15:34:58 testlog:169] c:\SVN\iway8\svn\iway8schemas\trunk\ebix\edifact\EDIFACT_D16A
[I 170907 15:34:58 testlog:72] 1 FACT_APERAK_D16A.dic
[I 170907 15:34:58 testlog:72] 2 FACT_AUTHOR_D16A.dic
[I 170907 15:34:58 testlog:72] 3 FACT_BALANC_D16A.dic
[I 170907 15:34:58 testlog:72] 4 FACT_BANSTA_D16A.dic
[I 170907 15:34:58 testlog:72] 5 FACT_BAPLIE_D16A.dic
[I 170907 15:34:58 testlog:72] 6 FACT_BERMAN_D16A.dic
[I 170907 15:34:58 testlog:72] 7 FACT_BMISRM_D16A.dic
[I 170907 15:34:58 testlog:72] 8 FACT_BOPBNK_D16A.dic
[I 170907 15:34:58 testlog:72] 9 FACT_BOPCUS_D16A.dic
[I 170907 15:34:58 testlog:72] 10 FACT_BOPDIR_D16A.dic
[I 170907 15:34:58 testlog:72] 11 FACT_BOPINF_D16A.dic
[I 170907 15:34:58 testlog:72] 12 FACT_BUSCRD_D16A.dic
[I 170907 15:34:58 testlog:72] 13 FACT_CALINF_D16A.dic
[I 170907 15:34:59 testlog:72] 14 FACT_CASINT_D16A.dic
[I 170907 15:34:59 testlog:72] 15 FACT_CASRES_D16A.dic
[I 170907 15:34:59 testlog:72] 16 FACT_CHACCO_D16A.dic
[I 170907 15:34:59 testlog:72] 17 FACT_CLASET_D16A.dic
[I 170907 15:34:59 testlog:72] 18 FACT_CNTCND_D16A.dic
[I 170907 15:34:59 testlog:72] 19 FACT_COACSU_D16A.dic
[I 170907 15:34:59 testlog:72] 20 FACT_COARRI_D16A.dic
[I 170907 15:34:59 testlog:72] 21 FACT_CODECO_D16A.dic
[I 170907 15:34:59 testlog:72] 22 FACT_CODENO_D16A.dic
[I 170907 15:34:59 testlog:72] 23 FACT_COEDOR_D16A.dic
[I 170907 15:34:59 testlog:72] 24 FACT_COHAOR_D16A.dic
[I 170907 15:34:59 testlog:72] 25 FACT_COLREQ_D16A.dic
[I 170907 15:34:59 testlog:72] 26 FACT_COMDIS_D16A.dic
[I 170907 15:34:59 testlog:72] 27 FACT_CONAPW_D16A.dic
[I 170907 15:34:59 testlog:72] 28 FACT_CONDPV_D16A.dic
[I 170907 15:34:59 testlog:72] 29 FACT_CONDRA_D16A.dic
[I 170907 15:34:59 testlog:72] 30 FACT_CONDRO_D16A.dic
[I 170907 15:34:59 testlog:72] 31 FACT_CONEST_D16A.dic
[I 170907 15:34:59 testlog:72] 32 FACT_CONITT_D16A.dic
[I 170907 15:34:59 testlog:72] 33 FACT_CONPVA_D16A.dic
[I 170907 15:34:59 testlog:72] 34 FACT_CONQVA_D16A.dic
[I 170907 15:34:59 testlog:72] 35 FACT_CONRPW_D16A.dic
[I 170907 15:34:59 testlog:72] 36 FACT_CONTEN_D16A.dic
[I 170907 15:34:59 testlog:72] 37 FACT_CONWQD_D16A.dic
[I 170907 15:34:59 testlog:72] 38 FACT_COPARN_D16A.dic
[I 170907 15:34:59 testlog:72] 39 FACT_COPAYM_D16A.dic
[I 170907 15:34:59 testlog:72] 40 FACT_COPINO_D16A.dic
[I 170907 15:34:59 testlog:72] 41 FACT_COPRAR_D16A.dic
[I 170907 15:34:59 testlog:72] 42 FACT_COREOR_D16A.dic
[I 170907 15:34:59 testlog:72] 43 FACT_COSTCO_D16A.dic
[I 170907 15:34:59 testlog:72] 44 FACT_COSTOR_D16A.dic
[I 170907 15:34:59 testlog:72] 45 FACT_CREADV_D16A.dic
[I 170907 15:34:59 testlog:72] 46 FACT_CREEXT_D16A.dic
[I 170907 15:34:59 testlog:72] 47 FACT_CREMUL_D16A.dic
[I 170907 15:34:59 testlog:72] 48 FACT_CUSCAR_D16A.dic
[I 170907 15:35:00 testlog:72] 49 FACT_CUSDEC_D16A.dic
[I 170907 15:35:00 testlog:72] 50 FACT_CUSEXP_D16A.dic
[I 170907 15:35:00 testlog:72] 51 FACT_CUSPED_D16A.dic
[I 170907 15:35:00 testlog:72] 52 FACT_CUSREP_D16A.dic
[I 170907 15:35:00 testlog:72] 53 FACT_CUSRES_D16A.dic
[I 170907 15:35:00 testlog:72] 54 FACT_DAPLOS_D16A.dic
[I 170907 15:35:00 testlog:72] 55 FACT_DEBADV_D16A.dic
[I 170907 15:35:00 testlog:72] 56 FACT_DEBMUL_D16A.dic
[I 170907 15:35:00 testlog:72] 57 FACT_DEBREC_D16A.dic
[I 170907 15:35:00 testlog:72] 58 FACT_DELFOR_D16A.dic
[I 170907 15:35:00 testlog:72] 59 FACT_DELJIT_D16A.dic
[I 170907 15:35:00 testlog:72] 60 FACT_DESADV_D16A.dic
[I 170907 15:35:00 testlog:72] 61 FACT_DESTIM_D16A.dic
[I 170907 15:35:00 testlog:72] 62 FACT_DGRECA_D16A.dic
[I 170907 15:35:00 testlog:72] 63 FACT_DIRDEB_D16A.dic
[I 170907 15:35:00 testlog:72] 64 FACT_DIRDEF_D16A.dic
[I 170907 15:35:00 testlog:72] 65 FACT_DMRDEF_D16A.dic
[I 170907 15:35:00 testlog:72] 66 FACT_DMSTAT_D16A.dic
[I 170907 15:35:00 testlog:72] 67 FACT_DOCADV_D16A.dic
[I 170907 15:35:00 testlog:72] 68 FACT_DOCAMA_D16A.dic
[I 170907 15:35:00 testlog:72] 69 FACT_DOCAMI_D16A.dic
[I 170907 15:35:00 testlog:72] 70 FACT_DOCAMR_D16A.dic
[I 170907 15:35:00 testlog:72] 71 FACT_DOCAPP_D16A.dic
[I 170907 15:35:00 testlog:72] 72 FACT_DOCARE_D16A.dic
[I 170907 15:35:00 testlog:72] 73 FACT_DOCINF_D16A.dic
[I 170907 15:35:00 testlog:72] 74 FACT_ENTREC_D16A.dic
[I 170907 15:35:00 testlog:72] 75 FACT_FINCAN_D16A.dic
[I 170907 15:35:00 testlog:72] 76 FACT_FINPAY_D16A.dic
[I 170907 15:35:00 testlog:72] 77 FACT_FINSTA_D16A.dic
[I 170907 15:35:00 testlog:72] 78 FACT_GENRAL_D16A.dic
[I 170907 15:35:00 testlog:72] 79 FACT_GESMES_D16A.dic
[I 170907 15:35:00 testlog:72] 80 FACT_GOVCBR_D16A.dic
[I 170907 15:35:01 testlog:72] 81 FACT_HANMOV_D16A.dic
[I 170907 15:35:01 testlog:72] 82 FACT_ICASRP_D16A.dic
[I 170907 15:35:01 testlog:72] 83 FACT_ICSOLI_D16A.dic
[I 170907 15:35:01 testlog:72] 84 FACT_IFCSUM_D16A.dic
[I 170907 15:35:01 testlog:72] 85 FACT_IFTCCA_D16A.dic
[I 170907 15:35:01 testlog:72] 86 FACT_IFTDGN_D16A.dic
[I 170907 15:35:01 testlog:72] 87 FACT_IFTFCC_D16A.dic
[I 170907 15:35:01 testlog:72] 88 FACT_IFTICL_D16A.dic
[I 170907 15:35:01 testlog:72] 89 FACT_IFTMAN_D16A.dic
[I 170907 15:35:01 testlog:72] 90 FACT_IFTMBC_D16A.dic
[I 170907 15:35:02 testlog:72] 91 FACT_IFTMBF_D16A.dic
[I 170907 15:35:02 testlog:72] 92 FACT_IFTMBP_D16A.dic
[I 170907 15:35:02 testlog:72] 93 FACT_IFTMCA_D16A.dic
[I 170907 15:35:02 testlog:72] 94 FACT_IFTMCS_D16A.dic
[I 170907 15:35:02 testlog:72] 95 FACT_IFTMIN_D16A.dic
[I 170907 15:35:02 testlog:72] 96 FACT_IFTRIN_D16A.dic
[I 170907 15:35:02 testlog:72] 97 FACT_IFTSAI_D16A.dic
[I 170907 15:35:02 testlog:72] 98 FACT_IFTSTA_D16A.dic
[I 170907 15:35:02 testlog:72] 99 FACT_IFTSTQ_D16A.dic
[I 170907 15:35:02 testlog:72] 100 FACT_IMPDEF_D16A.dic
[I 170907 15:35:02 testlog:72] 101 FACT_INFCON_D16A.dic
[I 170907 15:35:02 testlog:72] 102 FACT_INFENT_D16A.dic
[I 170907 15:35:02 testlog:72] 103 FACT_INSDES_D16A.dic
[I 170907 15:35:02 testlog:72] 104 FACT_INSPRE_D16A.dic
[I 170907 15:35:02 testlog:72] 105 FACT_INSREQ_D16A.dic
[I 170907 15:35:02 testlog:72] 106 FACT_INSRPT_D16A.dic
[I 170907 15:35:02 testlog:72] 107 FACT_INVOIC_D16A.dic
[I 170907 15:35:02 testlog:72] 108 FACT_INVRPT_D16A.dic
[I 170907 15:35:02 testlog:72] 109 FACT_IPPOAD_D16A.dic
[I 170907 15:35:02 testlog:72] 110 FACT_IPPOMO_D16A.dic
[I 170907 15:35:02 testlog:72] 111 FACT_ISENDS_D16A.dic
[I 170907 15:35:02 testlog:72] 112 FACT_ITRRPT_D16A.dic
[I 170907 15:35:02 testlog:72] 113 FACT_JAPRES_D16A.dic
[I 170907 15:35:03 testlog:72] 114 FACT_JINFDE_D16A.dic
[I 170907 15:35:03 testlog:72] 115 FACT_JOBAPP_D16A.dic
[I 170907 15:35:03 testlog:72] 116 FACT_JOBCON_D16A.dic
[I 170907 15:35:03 testlog:72] 117 FACT_JOBMOD_D16A.dic
[I 170907 15:35:03 testlog:72] 118 FACT_JOBOFF_D16A.dic
[I 170907 15:35:03 testlog:72] 119 FACT_JUPREQ_D16A.dic
[I 170907 15:35:03 testlog:72] 120 FACT_LEDGER_D16A.dic
[I 170907 15:35:03 testlog:72] 121 FACT_LREACT_D16A.dic
[I 170907 15:35:03 testlog:72] 122 FACT_LRECLM_D16A.dic
[I 170907 15:35:03 testlog:72] 123 FACT_MEDPID_D16A.dic
[I 170907 15:35:03 testlog:72] 124 FACT_MEDPRE_D16A.dic
[I 170907 15:35:03 testlog:72] 125 FACT_MEDREQ_D16A.dic
[I 170907 15:35:03 testlog:72] 126 FACT_MEDRPT_D16A.dic
[I 170907 15:35:03 testlog:72] 127 FACT_MEDRUC_D16A.dic
[I 170907 15:35:03 testlog:72] 128 FACT_MEQPOS_D16A.dic
[I 170907 15:35:03 testlog:72] 129 FACT_MOVINS_D16A.dic
[I 170907 15:35:03 testlog:72] 130 FACT_MSCONS_D16A.dic
[I 170907 15:35:03 testlog:72] 131 FACT_ORDCHG_D16A.dic
[I 170907 15:35:03 testlog:72] 132 FACT_ORDERS_D16A.dic
[I 170907 15:35:03 testlog:72] 133 FACT_ORDRSP_D16A.dic
[I 170907 15:35:03 testlog:72] 134 FACT_OSTENQ_D16A.dic
[I 170907 15:35:03 testlog:72] 135 FACT_OSTRPT_D16A.dic
[I 170907 15:35:03 testlog:72] 136 FACT_PARTIN_D16A.dic
[I 170907 15:35:03 testlog:72] 137 FACT_PAXLST_D16A.dic
[I 170907 15:35:03 testlog:72] 138 FACT_PAYDUC_D16A.dic
[I 170907 15:35:03 testlog:72] 139 FACT_PAYEXT_D16A.dic
[I 170907 15:35:03 testlog:72] 140 FACT_PAYMUL_D16A.dic
[I 170907 15:35:04 testlog:72] 141 FACT_PAYORD_D16A.dic
[I 170907 15:35:04 testlog:72] 142 FACT_PRICAT_D16A.dic
[I 170907 15:35:04 testlog:72] 143 FACT_PRIHIS_D16A.dic
[I 170907 15:35:04 testlog:72] 144 FACT_PROCST_D16A.dic
[I 170907 15:35:04 testlog:72] 145 FACT_PRODAT_D16A.dic
[I 170907 15:35:04 testlog:72] 146 FACT_PRODEX_D16A.dic
[I 170907 15:35:04 testlog:72] 147 FACT_PROINQ_D16A.dic
[I 170907 15:35:04 testlog:72] 148 FACT_PROSRV_D16A.dic
[I 170907 15:35:04 testlog:72] 149 FACT_PROTAP_D16A.dic
[I 170907 15:35:04 testlog:72] 150 FACT_PRPAID_D16A.dic
[I 170907 15:35:04 testlog:72] 151 FACT_QALITY_D16A.dic
[I 170907 15:35:04 testlog:72] 152 FACT_QUOTES_D16A.dic
[I 170907 15:35:04 testlog:72] 153 FACT_RDRMES_D16A.dic
[I 170907 15:35:04 testlog:72] 154 FACT_REBORD_D16A.dic
[I 170907 15:35:04 testlog:72] 155 FACT_RECADV_D16A.dic
[I 170907 15:35:04 testlog:72] 156 FACT_RECALC_D16A.dic
[I 170907 15:35:04 testlog:72] 157 FACT_RECECO_D16A.dic
[I 170907 15:35:04 testlog:72] 158 FACT_RECLAM_D16A.dic
[I 170907 15:35:04 testlog:72] 159 FACT_RECORD_D16A.dic
[I 170907 15:35:04 testlog:72] 160 FACT_REGENT_D16A.dic
[I 170907 15:35:04 testlog:72] 161 FACT_RELIST_D16A.dic
[I 170907 15:35:04 testlog:72] 162 FACT_REMADV_D16A.dic
[I 170907 15:35:04 testlog:72] 163 FACT_REPREM_D16A.dic
[I 170907 15:35:04 testlog:72] 164 FACT_REQDOC_D16A.dic
[I 170907 15:35:04 testlog:72] 165 FACT_REQOTE_D16A.dic
[I 170907 15:35:04 testlog:72] 166 FACT_RESETT_D16A.dic
[I 170907 15:35:04 testlog:72] 167 FACT_RESMSG_D16A.dic
[I 170907 15:35:04 testlog:72] 168 FACT_RETACC_D16A.dic
[I 170907 15:35:04 testlog:72] 169 FACT_RETANN_D16A.dic
[I 170907 15:35:04 testlog:72] 170 FACT_RETINS_D16A.dic
[I 170907 15:35:05 testlog:72] 171 FACT_RPCALL_D16A.dic
[I 170907 15:35:05 testlog:72] 172 FACT_SAFHAZ_D16A.dic
[I 170907 15:35:05 testlog:72] 173 FACT_SANCRT_D16A.dic
[I 170907 15:35:05 testlog:72] 174 FACT_SLSFCT_D16A.dic
[I 170907 15:35:05 testlog:72] 175 FACT_SLSRPT_D16A.dic
[I 170907 15:35:05 testlog:72] 176 FACT_SOCADE_D16A.dic
[I 170907 15:35:05 testlog:72] 177 FACT_SSIMOD_D16A.dic
[I 170907 15:35:05 testlog:72] 178 FACT_SSRECH_D16A.dic
[I 170907 15:35:05 testlog:72] 179 FACT_SSREGW_D16A.dic
[I 170907 15:35:05 testlog:72] 180 FACT_STATAC_D16A.dic
[I 170907 15:35:05 testlog:72] 181 FACT_STLRPT_D16A.dic
[I 170907 15:35:05 testlog:72] 182 FACT_SUPCOT_D16A.dic
[I 170907 15:35:05 testlog:72] 183 FACT_SUPMAN_D16A.dic
[I 170907 15:35:05 testlog:72] 184 FACT_SUPRES_D16A.dic
[I 170907 15:35:05 testlog:72] 185 FACT_TANSTA_D16A.dic
[I 170907 15:35:05 testlog:72] 186 FACT_TAXCON_D16A.dic
[I 170907 15:35:05 testlog:72] 187 FACT_TPFREP_D16A.dic
[I 170907 15:35:05 testlog:72] 188 FACT_UTILMD_D16A.dic
[I 170907 15:35:05 testlog:72] 189 FACT_UTILTS_D16A.dic
[I 170907 15:35:05 testlog:72] 190 FACT_VATDEC_D16A.dic
[I 170907 15:35:05 testlog:72] 191 FACT_VERMAS_D16A.dic
[I 170907 15:35:05 testlog:72] 192 FACT_VESDEP_D16A.dic
[I 170907 15:35:05 testlog:72] 193 FACT_WASDIS_D16A.dic
[I 170907 15:35:05 testlog:72] 194 FACT_WKGRDC_D16A.dic
[I 170907 15:35:05 testlog:72] 195 FACT_WKGRRE_D16A.dic
